<?xml version="1.0" encoding="UTF-8"?>
<testng-results skipped="0" failed="1" total="1" passed="0">
  <reporter-output>
  </reporter-output>
  <suite name="Default suite" duration-ms="29764" started-at="2018-07-22T05:48:59Z" finished-at="2018-07-22T05:49:28Z">
    <groups>
    </groups>
    <test name="Default test" duration-ms="29764" started-at="2018-07-22T05:48:59Z" finished-at="2018-07-22T05:49:28Z">
      <class name="cn.lixing.zqProject.keyPersonManage.TestCase.KeyPersonManageTestCase">
        <test-method status="PASS" signature="initTestClass()[pri:0, instance:cn.lixing.zqProject.keyPersonManage.TestCase.KeyPersonManageTestCase@5f9d02cb]" name="initTestClass" is-config="true" duration-ms="18365" started-at="2018-07-22T13:48:59Z" finished-at="2018-07-22T13:49:17Z">
          <reporter-output>
          </reporter-output>
        </test-method> <!-- initTestClass -->
        <test-method status="FAIL" signature="AddKeyPersonTestCase(java.lang.String, java.lang.String, java.lang.String)[pri:0, instance:cn.lixing.zqProject.keyPersonManage.TestCase.KeyPersonManageTestCase@5f9d02cb]" name="AddKeyPersonTestCase" duration-ms="10174" started-at="2018-07-22T13:49:17Z" data-provider="addKeyPersonData" finished-at="2018-07-22T13:49:27Z">
          <params>
            <param index="0">
              <value>
                <![CDATA[lixing01]]>
              </value>
            </param>
            <param index="1">
              <value>
                <![CDATA[13788852701]]>
              </value>
            </param>
            <param index="2">
              <value>
                <![CDATA[添加成功]]>
              </value>
            </param>
          </params>
          <exception class="java.lang.AssertionError">
            <message>
              <![CDATA[expected [孙艳强] but found [lixing01]]]>
            </message>
            <full-stacktrace>
              <![CDATA[java.lang.AssertionError: expected [孙艳强] but found [lixing01]
	at org.testng.Assert.fail(Assert.java:94)
	at org.testng.Assert.failNotEquals(Assert.java:496)
	at org.testng.Assert.assertEquals(Assert.java:125)
	at org.testng.Assert.assertEquals(Assert.java:178)
	at org.testng.Assert.assertEquals(Assert.java:188)
	at cn.lixing.zqProject.keyPersonManage.TestCase.KeyPersonManageTestCase.AddKeyPersonTestCase(KeyPersonManageTestCase.java:47)
	at sun.reflect.NativeMethodAccessorImpl.invoke0(Native Method)
	at sun.reflect.NativeMethodAccessorImpl.invoke(Unknown Source)
	at sun.reflect.DelegatingMethodAccessorImpl.invoke(Unknown Source)
	at java.lang.reflect.Method.invoke(Unknown Source)
	at org.testng.internal.MethodInvocationHelper.invokeMethod(MethodInvocationHelper.java:85)
	at org.testng.internal.Invoker.invokeMethod(Invoker.java:639)
	at org.testng.internal.Invoker.invokeTestMethod(Invoker.java:816)
	at org.testng.internal.Invoker.invokeTestMethods(Invoker.java:1124)
	at org.testng.internal.TestMethodWorker.invokeTestMethods(TestMethodWorker.java:125)
	at org.testng.internal.TestMethodWorker.run(TestMethodWorker.java:108)
	at org.testng.TestRunner.privateRun(TestRunner.java:774)
	at org.testng.TestRunner.run(TestRunner.java:624)
	at org.testng.SuiteRunner.runTest(SuiteRunner.java:359)
	at org.testng.SuiteRunner.runSequentially(SuiteRunner.java:354)
	at org.testng.SuiteRunner.privateRun(SuiteRunner.java:312)
	at org.testng.SuiteRunner.run(SuiteRunner.java:261)
	at org.testng.SuiteRunnerWorker.runSuite(SuiteRunnerWorker.java:52)
	at org.testng.SuiteRunnerWorker.run(SuiteRunnerWorker.java:86)
	at org.testng.TestNG.runSuitesSequentially(TestNG.java:1215)
	at org.testng.TestNG.runSuitesLocally(TestNG.java:1140)
	at org.testng.TestNG.run(TestNG.java:1048)
	at org.testng.remote.AbstractRemoteTestNG.run(AbstractRemoteTestNG.java:114)
	at org.testng.remote.RemoteTestNG.initAndRun(RemoteTestNG.java:251)
	at org.testng.remote.RemoteTestNG.main(RemoteTestNG.java:77)
]]>
            </full-stacktrace>
          </exception> <!-- java.lang.AssertionError -->
          <reporter-output>
          </reporter-output>
        </test-method> <!-- AddKeyPersonTestCase -->
        <test-method status="PASS" signature="close()[pri:0, instance:cn.lixing.zqProject.keyPersonManage.TestCase.KeyPersonManageTestCase@5f9d02cb]" name="close" is-config="true" duration-ms="1198" started-at="2018-07-22T13:49:27Z" finished-at="2018-07-22T13:49:28Z">
          <reporter-output>
          </reporter-output>
        </test-method> <!-- close -->
      </class> <!-- cn.lixing.zqProject.keyPersonManage.TestCase.KeyPersonManageTestCase -->
    </test> <!-- Default test -->
  </suite> <!-- Default suite -->
</testng-results>
